<?xml version="1.0" encoding="UTF-8"?>
<!-- Generated by org.testng.reporters.JUnitReportReporter -->
<testsuite hostname="Sunil" name="tutorial.paypal.base.BaseClass" tests="2" failures="0" timestamp="4 Jun 2018 16:41:23 GMT" time="4.830" errors="0">
  <testcase name="test01" time="0.013" classname="tutorial.paypal.base.BaseClass"/>
  <testcase name="init" time="4.817" classname="tutorial.paypal.base.BaseClass"/>
</testsuite> <!-- tutorial.paypal.base.BaseClass -->
