<?xml version="1.0" encoding="UTF-8"?>
<!-- Generated by org.testng.reporters.JUnitReportReporter -->
<testsuite hostname="Sunil" name="tutorial.paypal.tests.PostAsString" tests="1" failures="0" timestamp="4 Jun 2018 16:49:06 GMT" time="1.750" errors="0">
  <testcase name="createAPayment" time="1.750" classname="tutorial.paypal.tests.PostAsString"/>
</testsuite> <!-- tutorial.paypal.tests.PostAsString -->
