<?xml version="1.0" encoding="UTF-8"?>
<!-- Generated by org.testng.reporters.JUnitReportReporter -->
<testsuite hostname="Sunil" name="tutorial.uploadFiles.UploadFileEx" tests="1" failures="0" timestamp="4 Jun 2018 00:06:23 GMT" time="5.351" errors="0">
  <testcase name="uploadFileExample" time="5.351" classname="tutorial.uploadFiles.UploadFileEx"/>
</testsuite> <!-- tutorial.uploadFiles.UploadFileEx -->
