<?xml version="1.0" encoding="UTF-8"?>
<!-- Generated by org.testng.reporters.JUnitReportReporter -->
<testsuite hostname="Sunil" name="tutorial.soapService.SoapRequestExample" tests="1" failures="0" timestamp="4 Jun 2018 03:29:57 GMT" time="3.395" errors="0">
  <testcase name="test001" time="3.395" classname="tutorial.soapService.SoapRequestExample"/>
</testsuite> <!-- tutorial.soapService.SoapRequestExample -->
