<?xml version="1.0" encoding="UTF-8"?>
<!-- Generated by org.testng.reporters.JUnitReportReporter -->
<testsuite hostname="Sunil" name="walmart.jsonPath.examples.WalmartSearch_JSONPath" tests="1" failures="0" timestamp="25 Jul 2018 08:06:37 GMT" time="4.009" errors="0">
  <testcase name="test0012" time="4.009" classname="walmart.jsonPath.examples.WalmartSearch_JSONPath"/>
</testsuite> <!-- walmart.jsonPath.examples.WalmartSearch_JSONPath -->
