<?xml version="1.0" encoding="UTF-8"?>
<!-- Generated by org.testng.reporters.JUnitReportReporter -->
<testsuite skipped="0" hostname="Sunil" name="com.my.algorithm.utils.SimpleUtilsTest" tests="2" failures="0" timestamp="01 Aug 2018 09:25:13 GMT" time="0.029" errors="0">
  <testcase name="stringToBooleanTrueTest" time="0.004" classname="com.my.algorithm.utils.SimpleUtilsTest"/>
  <testcase name="stringToBooleanFalseTest" time="0.025" classname="com.my.algorithm.utils.SimpleUtilsTest"/>
</testsuite> <!-- com.my.algorithm.utils.SimpleUtilsTest -->
